# JRE version: Java(TM) SE Runtime Environment (8.0_181-b13) (build 1.8.0_181-b13)
# Java VM: Java HotSpot(TM) 64-Bit Server VM (25.181-b13 mixed mode bsd-amd64 compressed oops)
Heap:
 PSYoungGen      total 76288K, used 28078K [0x000000076ab00000, 0x0000000770000000, 0x00000007c0000000)
  eden space 65536K, 35% used [0x000000076ab00000,0x000000076c1aaad0,0x000000076eb00000)
  from space 10752K, 45% used [0x000000076f580000,0x000000076fa41068,0x0000000770000000)
  to   space 10752K, 0% used [0x000000076eb00000,0x000000076eb00000,0x000000076f580000)
 ParOldGen       total 74752K, used 8676K [0x00000006c0000000, 0x00000006c4900000, 0x000000076ab00000)
  object space 74752K, 11% used [0x00000006c0000000,0x00000006c0879208,0x00000006c4900000)
 Metaspace       used 25230K, capacity 25708K, committed 25984K, reserved 1073152K
  class space    used 2993K, capacity 3135K, committed 3200K, reserved 1048576K
GC Heap History (10 events):
Event: 6.903 GC heap before
{Heap before GC invocations=1 (full 0):
 PSYoungGen      total 76288K, used 65536K [0x000000076ab00000, 0x0000000770000000, 0x00000007c0000000)
  eden space 65536K, 100% used [0x000000076ab00000,0x000000076eb00000,0x000000076eb00000)
  from space 10752K, 0% used [0x000000076f580000,0x000000076f580000,0x0000000770000000)
  to   space 10752K, 0% used [0x000000076eb00000,0x000000076eb00000,0x000000076f580000)
 ParOldGen       total 175104K, used 0K [0x00000006c0000000, 0x00000006cab00000, 0x000000076ab00000)
  object space 175104K, 0% used [0x00000006c0000000,0x00000006c0000000,0x00000006cab00000)
 Metaspace       used 17454K, capacity 17690K, committed 18048K, reserved 1064960K
  class space    used 2002K, capacity 2079K, committed 2176K, reserved 1048576K
Event: 6.921 GC heap after
Heap after GC invocations=1 (full 0):
 PSYoungGen      total 76288K, used 7710K [0x000000076ab00000, 0x0000000770000000, 0x00000007c0000000)
  eden space 65536K, 0% used [0x000000076ab00000,0x000000076ab00000,0x000000076eb00000)
  from space 10752K, 71% used [0x000000076eb00000,0x000000076f287aa8,0x000000076f580000)
  to   space 10752K, 0% used [0x000000076f580000,0x000000076f580000,0x0000000770000000)
 ParOldGen       total 175104K, used 88K [0x00000006c0000000, 0x00000006cab00000, 0x000000076ab00000)
  object space 175104K, 0% used [0x00000006c0000000,0x00000006c0016010,0x00000006cab00000)
 Metaspace       used 17454K, capacity 17690K, committed 18048K, reserved 1064960K
  class space    used 2002K, capacity 2079K, committed 2176K, reserved 1048576K
}
Event: 9.815 GC heap before
{Heap before GC invocations=2 (full 0):
 PSYoungGen      total 76288K, used 33174K [0x000000076ab00000, 0x0000000770000000, 0x00000007c0000000)
  eden space 65536K, 38% used [0x000000076ab00000,0x000000076c3dddd8,0x000000076eb00000)
  from space 10752K, 71% used [0x000000076eb00000,0x000000076f287aa8,0x000000076f580000)
  to   space 10752K, 0% used [0x000000076f580000,0x000000076f580000,0x0000000770000000)
 ParOldGen       total 175104K, used 88K [0x00000006c0000000, 0x00000006cab00000, 0x000000076ab00000)
  object space 175104K, 0% used [0x00000006c0000000,0x00000006c0016010,0x00000006cab00000)
 Metaspace       used 20725K, capacity 21204K, committed 21296K, reserved 1069056K
  class space    used 2509K, capacity 2644K, committed 2688K, reserved 1048576K
Event: 9.831 GC heap after
Heap after GC invocations=2 (full 0):
 PSYoungGen      total 76288K, used 8836K [0x000000076ab00000, 0x0000000770000000, 0x00000007c0000000)
  eden space 65536K, 0% used [0x000000076ab00000,0x000000076ab00000,0x000000076eb00000)
  from space 10752K, 82% used [0x000000076f580000,0x000000076fe21018,0x0000000770000000)
  to   space 10752K, 0% used [0x000000076eb00000,0x000000076eb00000,0x000000076f580000)
 ParOldGen       total 175104K, used 96K [0x00000006c0000000, 0x00000006cab00000, 0x000000076ab00000)
  object space 175104K, 0% used [0x00000006c0000000,0x00000006c0018010,0x00000006cab00000)
 Metaspace       used 20725K, capacity 21204K, committed 21296K, reserved 1069056K
  class space    used 2509K, capacity 2644K, committed 2688K, reserved 1048576K
}
Event: 9.831 GC heap before
{Heap before GC invocations=3 (full 1):
 PSYoungGen      total 76288K, used 8836K [0x000000076ab00000, 0x0000000770000000, 0x00000007c0000000)
  eden space 65536K, 0% used [0x000000076ab00000,0x000000076ab00000,0x000000076eb00000)
  from space 10752K, 82% used [0x000000076f580000,0x000000076fe21018,0x0000000770000000)
  to   space 10752K, 0% used [0x000000076eb00000,0x000000076eb00000,0x000000076f580000)
 ParOldGen       total 175104K, used 96K [0x00000006c0000000, 0x00000006cab00000, 0x000000076ab00000)
  object space 175104K, 0% used [0x00000006c0000000,0x00000006c0018010,0x00000006cab00000)
 Metaspace       used 20725K, capacity 21204K, committed 21296K, reserved 1069056K
  class space    used 2509K, capacity 2644K, committed 2688K, reserved 1048576K
Event: 9.878 GC heap after
Heap after GC invocations=3 (full 1):
 PSYoungGen      total 76288K, used 0K [0x000000076ab00000, 0x0000000770000000, 0x00000007c0000000)
  eden space 65536K, 0% used [0x000000076ab00000,0x000000076ab00000,0x000000076eb00000)
  from space 10752K, 0% used [0x000000076f580000,0x000000076f580000,0x0000000770000000)
  to   space 10752K, 0% used [0x000000076eb00000,0x000000076eb00000,0x000000076f580000)
 ParOldGen       total 74752K, used 8660K [0x00000006c0000000, 0x00000006c4900000, 0x000000076ab00000)
  object space 74752K, 11% used [0x00000006c0000000,0x00000006c0875208,0x00000006c4900000)
 Metaspace       used 20725K, capacity 21204K, committed 21296K, reserved 1069056K
  class space    used 2509K, capacity 2644K, committed 2688K, reserved 1048576K
}
Event: 753.678 GC heap before
{Heap before GC invocations=4 (full 1):
 PSYoungGen      total 76288K, used 65536K [0x000000076ab00000, 0x0000000770000000, 0x00000007c0000000)
  eden space 65536K, 100% used [0x000000076ab00000,0x000000076eb00000,0x000000076eb00000)
  from space 10752K, 0% used [0x000000076f580000,0x000000076f580000,0x0000000770000000)
  to   space 10752K, 0% used [0x000000076eb00000,0x000000076eb00000,0x000000076f580000)
 ParOldGen       total 74752K, used 8660K [0x00000006c0000000, 0x00000006c4900000, 0x000000076ab00000)
  object space 74752K, 11% used [0x00000006c0000000,0x00000006c0875208,0x00000006c4900000)
 Metaspace       used 25160K, capacity 25644K, committed 25984K, reserved 1073152K
  class space    used 2992K, capacity 3135K, committed 3200K, reserved 1048576K
Event: 753.686 GC heap after
Heap after GC invocations=4 (full 1):
 PSYoungGen      total 76288K, used 7202K [0x000000076ab00000, 0x0000000770000000, 0x00000007c0000000)
  eden space 65536K, 0% used [0x000000076ab00000,0x000000076ab00000,0x000000076eb00000)
  from space 10752K, 66% used [0x000000076eb00000,0x000000076f208af8,0x000000076f580000)
  to   space 10752K, 0% used [0x000000076f580000,0x000000076f580000,0x0000000770000000)
 ParOldGen       total 74752K, used 8668K [0x00000006c0000000, 0x00000006c4900000, 0x000000076ab00000)
  object space 74752K, 11% used [0x00000006c0000000,0x00000006c0877208,0x00000006c4900000)
 Metaspace       used 25160K, capacity 25644K, committed 25984K, reserved 1073152K
  class space    used 2992K, capacity 3135K, committed 3200K, reserved 1048576K
}
Event: 2967.658 GC heap before
{Heap before GC invocations=5 (full 1):
 PSYoungGen      total 76288K, used 72738K [0x000000076ab00000, 0x0000000770000000, 0x00000007c0000000)
  eden space 65536K, 100% used [0x000000076ab00000,0x000000076eb00000,0x000000076eb00000)
  from space 10752K, 66% used [0x000000076eb00000,0x000000076f208af8,0x000000076f580000)
  to   space 10752K, 0% used [0x000000076f580000,0x000000076f580000,0x0000000770000000)
 ParOldGen       total 74752K, used 8668K [0x00000006c0000000, 0x00000006c4900000, 0x000000076ab00000)
  object space 74752K, 11% used [0x00000006c0000000,0x00000006c0877208,0x00000006c4900000)
 Metaspace       used 25223K, capacity 25708K, committed 25984K, reserved 1073152K
  class space    used 2992K, capacity 3135K, committed 3200K, reserved 1048576K
Event: 2967.661 GC heap after
Heap after GC invocations=5 (full 1):
 PSYoungGen      total 76288K, used 4868K [0x000000076ab00000, 0x0000000770000000, 0x00000007c0000000)
  eden space 65536K, 0% used [0x000000076ab00000,0x000000076ab00000,0x000000076eb00000)
  from space 10752K, 45% used [0x000000076f580000,0x000000076fa41068,0x0000000770000000)
  to   space 10752K, 0% used [0x000000076eb00000,0x000000076eb00000,0x000000076f580000)
 ParOldGen       total 74752K, used 8676K [0x00000006c0000000, 0x00000006c4900000, 0x000000076ab00000)
  object space 74752K, 11% used [0x00000006c0000000,0x00000006c0879208,0x00000006c4900000)
 Metaspace       used 25223K, capacity 25708K, committed 25984K, reserved 1073152K
  class space    used 2992K, capacity 3135K, committed 3200K, reserved 1048576K
}

